
> vite-react-typescript-starter@0.0.0 typecheck
> tsc --noEmit -p tsconfig.app.json

src/services/EnrollmentService.ts(202,60): error TS2769: No overload matches this call.
  Overload 1 of 2, '(values: never, options?: { count?: "exact" | "planned" | "estimated" | undefined; } | undefined): PostgrestFilterBuilder<{ PostgrestVersion: "12"; }, never, never, null, "enrollments", never, "POST">', gave the following error.
    Argument of type '{ student_id: string; section_id: string; term_id: string; status: string; }' is not assignable to parameter of type 'never'.
  Overload 2 of 2, '(values: never[], options?: { count?: "exact" | "planned" | "estimated" | undefined; defaultToNull?: boolean | undefined; } | undefined): PostgrestFilterBuilder<{ PostgrestVersion: "12"; }, never, never, null, "enrollments", never, "POST">', gave the following error.
    Object literal may only specify known properties, and 'student_id' does not exist in type 'never[]'.
src/services/EnrollmentService.ts(211,17): error TS2345: Argument of type '{ enrolled_count: number; }' is not assignable to parameter of type 'never'.
src/services/EnrollmentService.ts(222,71): error TS2769: No overload matches this call.
  Overload 1 of 2, '(values: never, options?: { count?: "exact" | "planned" | "estimated" | undefined; } | undefined): PostgrestFilterBuilder<{ PostgrestVersion: "12"; }, never, never, null, "waitlists", never, "POST">', gave the following error.
    Argument of type '{ student_id: string; section_id: string; term_id: string; position: number; status: string; }' is not assignable to parameter of type 'never'.
  Overload 2 of 2, '(values: never[], options?: { count?: "exact" | "planned" | "estimated" | undefined; defaultToNull?: boolean | undefined; } | undefined): PostgrestFilterBuilder<{ PostgrestVersion: "12"; }, never, never, null, "waitlists", never, "POST">', gave the following error.
    Object literal may only specify known properties, and 'student_id' does not exist in type 'never[]'.
src/services/EnrollmentService.ts(232,15): error TS2345: Argument of type '{ waitlist_count: number; }' is not assignable to parameter of type 'never'.
src/services/EnrollmentService.ts(247,30): error TS2339: Property 'status' does not exist on type 'never'.
src/services/EnrollmentService.ts(256,17): error TS2345: Argument of type '{ status: string; enrolled_at: string; }' is not assignable to parameter of type 'never'.
src/services/EnrollmentService.ts(260,28): error TS2339: Property 'id' does not exist on type 'never'.
src/services/EnrollmentService.ts(263,60): error TS2769: No overload matches this call.
  Overload 1 of 2, '(values: never, options?: { count?: "exact" | "planned" | "estimated" | undefined; } | undefined): PostgrestFilterBuilder<{ PostgrestVersion: "12"; }, never, never, null, "enrollments", never, "POST">', gave the following error.
    Argument of type '{ student_id: string; section_id: string; term_id: string; status: string; }' is not assignable to parameter of type 'never'.
  Overload 2 of 2, '(values: never[], options?: { count?: "exact" | "planned" | "estimated" | undefined; defaultToNull?: boolean | undefined; } | undefined): PostgrestFilterBuilder<{ PostgrestVersion: "12"; }, never, never, null, "enrollments", never, "POST">', gave the following error.
    Object literal may only specify known properties, and 'student_id' does not exist in type 'never[]'.
src/services/EnrollmentService.ts(278,15): error TS2345: Argument of type '{ enrolled_count: number; }' is not assignable to parameter of type 'never'.
src/services/EnrollmentService.ts(505,17): error TS2345: Argument of type '{ status: string; promoted_at: string; }' is not assignable to parameter of type 'never'.
src/services/EnrollmentService.ts(514,17): error TS2345: Argument of type '{ waitlist_count: number; }' is not assignable to parameter of type 'never'.
